Thu Oct 04 06:08:44 2012
:  Attempting to establish link to billing server...
Thu Oct 04 06:09:04 2012
:  Attempting to establish link to billing server...
Thu Oct 04 06:09:24 2012
:  Attempting to establish link to billing server...
Thu Oct 04 06:09:44 2012
:  Attempting to establish link to billing server...
Thu Oct 04 06:09:48 2012
:  ERROR: Could not connect to billing server.
Thu Oct 04 06:09:48 2012
:  Starting server in stand-alone mode.
Thu Oct 04 06:10:21 2012
:  sbot> SYSOP LOGGED IN
Thu Oct 04 06:10:32 2012
:  sbot> SYSOP LOGGED IN
Thu Oct 04 06:10:43 2012
:  sbot> SYSOP LOGGED IN
Thu Oct 04 06:10:54 2012
:  sbot> SYSOP LOGGED IN
Thu Oct 04 06:11:05 2012
:  sbot> SYSOP LOGGED IN
Thu Oct 04 06:11:16 2012
:  sbot> SYSOP LOGGED IN
Thu Oct 04 06:11:27 2012
:  sbot> SYSOP LOGGED IN
Thu Oct 04 06:11:38 2012
:  sbot> SYSOP LOGGED IN
Thu Oct 04 06:11:48 2012
:  sbot> SYSOP LOGGED IN
Thu Oct 04 06:11:59 2012
:  sbot> SYSOP LOGGED IN
Thu Oct 04 06:12:10 2012
:  sbot> SYSOP LOGGED IN
Thu Oct 04 06:12:21 2012
:  sbot> SYSOP LOGGED IN
Thu Oct 04 06:12:32 2012
:  sbot> SYSOP LOGGED IN
Thu Oct 04 06:12:43 2012
:  sbot> SYSOP LOGGED IN
Thu Oct 04 06:12:54 2012
:  sbot> SYSOP LOGGED IN
Thu Oct 04 06:13:05 2012
:  sbot> SYSOP LOGGED IN
Thu Oct 04 06:13:16 2012
:  sbot> SYSOP LOGGED IN
Thu Oct 04 06:13:27 2012
:  sbot> SYSOP LOGGED IN
Thu Oct 04 06:13:38 2012
:  sbot> SYSOP LOGGED IN
Thu Oct 04 06:13:48 2012
:  sbot> SYSOP LOGGED IN
Thu Oct 04 06:13:59 2012
:  sbot> SYSOP LOGGED IN
Thu Oct 04 06:14:10 2012
:  sbot> SYSOP LOGGED IN
Thu Oct 04 06:14:21 2012
:  sbot> SYSOP LOGGED IN
Thu Oct 04 06:14:32 2012
:  sbot> SYSOP LOGGED IN
Thu Oct 04 06:14:43 2012
:  sbot> SYSOP LOGGED IN
Thu Oct 04 06:14:54 2012
:  sbot> SYSOP LOGGED IN
Thu Oct 04 06:15:05 2012
:  sbot> SYSOP LOGGED IN
Thu Oct 04 06:15:16 2012
:  sbot> SYSOP LOGGED IN
Thu Oct 04 06:15:27 2012
:  sbot> SYSOP LOGGED IN
Thu Oct 04 06:15:37 2012
:  sbot> SYSOP LOGGED IN
Thu Oct 04 06:15:48 2012
:  sbot> SYSOP LOGGED IN
Thu Oct 04 06:15:59 2012
:  sbot> SYSOP LOGGED IN
Thu Oct 04 06:16:10 2012
:  sbot> SYSOP LOGGED IN
Thu Oct 04 06:16:21 2012
:  sbot> SYSOP LOGGED IN
Thu Oct 04 06:16:32 2012
:  sbot> SYSOP LOGGED IN
Thu Oct 04 06:16:43 2012
:  sbot> SYSOP LOGGED IN
Thu Oct 04 06:16:54 2012
:  sbot> SYSOP LOGGED IN
Thu Oct 04 06:17:05 2012
:  sbot> SYSOP LOGGED IN
Thu Oct 04 06:17:16 2012
:  sbot> SYSOP LOGGED IN
Thu Oct 04 06:17:27 2012
:  sbot> SYSOP LOGGED IN
Thu Oct 04 06:17:38 2012
:  sbot> SYSOP LOGGED IN
Thu Oct 04 06:17:48 2012
:  sbot> SYSOP LOGGED IN
Thu Oct 04 06:17:59 2012
:  sbot> SYSOP LOGGED IN
Thu Oct 04 06:18:10 2012
:  sbot> SYSOP LOGGED IN
Thu Oct 04 06:18:21 2012
:  sbot> SYSOP LOGGED IN
Thu Oct 04 06:18:32 2012
:  sbot> SYSOP LOGGED IN
Thu Oct 04 06:18:43 2012
:  sbot> SYSOP LOGGED IN
Thu Oct 04 06:18:54 2012
:  sbot> SYSOP LOGGED IN
Thu Oct 04 06:19:05 2012
:  sbot> SYSOP LOGGED IN
Thu Oct 04 06:19:16 2012
:  sbot> SYSOP LOGGED IN
Thu Oct 04 06:19:27 2012
:  sbot> SYSOP LOGGED IN
Thu Oct 04 06:19:38 2012
:  sbot> SYSOP LOGGED IN
Thu Oct 04 06:19:49 2012
:  sbot> SYSOP LOGGED IN
Thu Oct 04 06:19:59 2012
:  sbot> SYSOP LOGGED IN
Thu Oct 04 06:20:10 2012
:  sbot> SYSOP LOGGED IN
Thu Oct 04 06:20:21 2012
:  sbot> SYSOP LOGGED IN
Thu Oct 04 06:20:32 2012
:  sbot> SYSOP LOGGED IN
Thu Oct 04 06:20:43 2012
:  sbot> SYSOP LOGGED IN
Thu Oct 04 06:20:54 2012
:  sbot> SYSOP LOGGED IN
Thu Oct 04 06:21:05 2012
:  sbot> SYSOP LOGGED IN
Thu Oct 04 06:21:16 2012
:  sbot> SYSOP LOGGED IN
Thu Oct 04 06:21:27 2012
:  sbot> SYSOP LOGGED IN
Thu Oct 04 06:21:38 2012
:  sbot> SYSOP LOGGED IN
Thu Oct 04 06:21:49 2012
:  sbot> SYSOP LOGGED IN
Thu Oct 04 06:22:00 2012
:  sbot> SYSOP LOGGED IN
Thu Oct 04 06:22:11 2012
:  sbot> SYSOP LOGGED IN
Thu Oct 04 06:22:21 2012
:  sbot> SYSOP LOGGED IN
Thu Oct 04 06:22:32 2012
:  sbot> SYSOP LOGGED IN
Thu Oct 04 06:22:43 2012
:  sbot> SYSOP LOGGED IN
Thu Oct 04 06:22:54 2012
:  sbot> SYSOP LOGGED IN
Thu Oct 04 06:23:05 2012
:  sbot> SYSOP LOGGED IN
Thu Oct 04 06:23:16 2012
:  sbot> SYSOP LOGGED IN
Thu Oct 04 06:23:27 2012
:  sbot> SYSOP LOGGED IN
Thu Oct 04 06:23:38 2012
:  sbot> SYSOP LOGGED IN
Thu Oct 04 06:23:49 2012
:  sbot> SYSOP LOGGED IN
Thu Oct 04 06:24:00 2012
:  sbot> SYSOP LOGGED IN
Thu Oct 04 06:24:11 2012
:  sbot> SYSOP LOGGED IN
Thu Oct 04 06:24:22 2012
:  sbot> SYSOP LOGGED IN
Thu Oct 04 06:24:33 2012
:  sbot> SYSOP LOGGED IN
Thu Oct 04 06:24:43 2012
:  sbot> SYSOP LOGGED IN
Thu Oct 04 06:24:54 2012
:  sbot> SYSOP LOGGED IN
Thu Oct 04 06:25:05 2012
:  sbot> SYSOP LOGGED IN
Thu Oct 04 06:25:16 2012
:  sbot> SYSOP LOGGED IN
Thu Oct 04 06:25:27 2012
:  sbot> SYSOP LOGGED IN
Thu Oct 04 06:25:38 2012
:  sbot> SYSOP LOGGED IN
Thu Oct 04 06:25:49 2012
:  sbot> SYSOP LOGGED IN
Thu Oct 04 06:26:00 2012
:  sbot> SYSOP LOGGED IN
Thu Oct 04 06:26:11 2012
:  sbot> SYSOP LOGGED IN
Thu Oct 04 06:26:22 2012
:  sbot> SYSOP LOGGED IN
Thu Oct 04 06:26:33 2012
:  sbot> SYSOP LOGGED IN
Thu Oct 04 06:26:44 2012
:  sbot> SYSOP LOGGED IN
Thu Oct 04 06:26:54 2012
:  sbot> SYSOP LOGGED IN
Thu Oct 04 06:27:05 2012
:  sbot> SYSOP LOGGED IN
Thu Oct 04 06:27:16 2012
:  sbot> SYSOP LOGGED IN
Thu Oct 04 06:27:27 2012
:  sbot> SYSOP LOGGED IN
Thu Oct 04 06:27:38 2012
:  sbot> SYSOP LOGGED IN
Thu Oct 04 06:27:49 2012
:  sbot> SYSOP LOGGED IN
Thu Oct 04 06:28:00 2012
:  sbot> SYSOP LOGGED IN
Thu Oct 04 06:28:11 2012
:  sbot> SYSOP LOGGED IN
Thu Oct 04 06:28:22 2012
:  sbot> SYSOP LOGGED IN
Thu Oct 04 06:28:33 2012
:  sbot> SYSOP LOGGED IN
Thu Oct 04 06:28:44 2012
:  sbot> SYSOP LOGGED IN
Thu Oct 04 06:28:55 2012
:  sbot> SYSOP LOGGED IN
Thu Oct 04 06:29:06 2012
:  sbot> SYSOP LOGGED IN
Thu Oct 04 06:29:17 2012
:  sbot> SYSOP LOGGED IN
Thu Oct 04 06:29:28 2012
:  sbot> SYSOP LOGGED IN
Thu Oct 04 06:29:38 2012
:  sbot> SYSOP LOGGED IN
Thu Oct 04 06:29:49 2012
:  sbot> SYSOP LOGGED IN
Thu Oct 04 06:30:00 2012
:  sbot> SYSOP LOGGED IN
Thu Oct 04 06:30:11 2012
:  sbot> SYSOP LOGGED IN
Thu Oct 04 06:30:22 2012
:  sbot> SYSOP LOGGED IN
Thu Oct 04 06:30:33 2012
:  sbot> SYSOP LOGGED IN
Thu Oct 04 06:30:44 2012
:  sbot> SYSOP LOGGED IN
Thu Oct 04 06:30:55 2012
:  sbot> SYSOP LOGGED IN
Thu Oct 04 06:31:06 2012
:  sbot> SYSOP LOGGED IN
Thu Oct 04 06:31:17 2012
:  sbot> SYSOP LOGGED IN
Thu Oct 04 06:31:28 2012
:  sbot> SYSOP LOGGED IN
Thu Oct 04 06:31:39 2012
:  sbot> SYSOP LOGGED IN
Thu Oct 04 06:31:50 2012
:  sbot> SYSOP LOGGED IN
Thu Oct 04 06:32:09 2012
:  sbot> SYSOP LOGGED IN
Thu Oct 04 06:32:32 2012
:  sbot> SYSOP LOGGED IN
Thu Oct 04 06:32:54 2012
:  sbot> SYSOP LOGGED IN
Thu Oct 04 06:33:14 2012
:  sbot> SYSOP LOGGED IN
Thu Oct 04 06:33:25 2012
:  sbot> SYSOP LOGGED IN
Thu Oct 04 06:33:36 2012
:  sbot> SYSOP LOGGED IN
Thu Oct 04 06:33:46 2012
:  sbot> SYSOP LOGGED IN
Thu Oct 04 06:33:57 2012
:  sbot> SYSOP LOGGED IN
Thu Oct 04 06:34:08 2012
:  sbot> SYSOP LOGGED IN
Thu Oct 04 06:34:19 2012
:  sbot> SYSOP LOGGED IN
Thu Oct 04 06:34:30 2012
:  sbot> SYSOP LOGGED IN
Thu Oct 04 06:34:41 2012
:  sbot> SYSOP LOGGED IN
Thu Oct 04 06:34:52 2012
:  sbot> SYSOP LOGGED IN
Thu Oct 04 06:35:03 2012
:  sbot> SYSOP LOGGED IN
Thu Oct 04 06:35:14 2012
:  sbot> SYSOP LOGGED IN
Thu Oct 04 06:35:25 2012
:  sbot> SYSOP LOGGED IN
Thu Oct 04 06:35:36 2012
:  sbot> SYSOP LOGGED IN
Thu Oct 04 06:35:47 2012
:  sbot> SYSOP LOGGED IN
Thu Oct 04 06:35:58 2012
:  sbot> SYSOP LOGGED IN
Thu Oct 04 06:36:08 2012
:  sbot> SYSOP LOGGED IN
Thu Oct 04 06:36:19 2012
:  sbot> SYSOP LOGGED IN
Thu Oct 04 06:36:30 2012
:  sbot> SYSOP LOGGED IN
Thu Oct 04 06:36:41 2012
:  sbot> SYSOP LOGGED IN
Thu Oct 04 06:36:52 2012
:  sbot> SYSOP LOGGED IN
Thu Oct 04 06:37:03 2012
:  sbot> SYSOP LOGGED IN
Thu Oct 04 06:37:14 2012
:  sbot> SYSOP LOGGED IN
Thu Oct 04 06:37:25 2012
:  sbot> SYSOP LOGGED IN
Thu Oct 04 06:37:36 2012
:  sbot> SYSOP LOGGED IN
Thu Oct 04 06:37:47 2012
:  sbot> SYSOP LOGGED IN
Thu Oct 04 06:37:58 2012
:  sbot> SYSOP LOGGED IN
Thu Oct 04 06:38:09 2012
:  sbot> SYSOP LOGGED IN
Thu Oct 04 06:38:20 2012
:  sbot> SYSOP LOGGED IN
Thu Oct 04 06:38:31 2012
:  sbot> SYSOP LOGGED IN
Thu Oct 04 06:38:42 2012
:  sbot> SYSOP LOGGED IN
Thu Oct 04 06:38:52 2012
:  sbot> SYSOP LOGGED IN
Thu Oct 04 06:39:03 2012
:  sbot> SYSOP LOGGED IN
Thu Oct 04 06:39:14 2012
:  sbot> SYSOP LOGGED IN
Thu Oct 04 06:39:25 2012
:  sbot> SYSOP LOGGED IN
Thu Oct 04 06:39:36 2012
:  sbot> SYSOP LOGGED IN
Thu Oct 04 06:39:47 2012
:  sbot> SYSOP LOGGED IN
Thu Oct 04 06:39:58 2012
:  sbot> SYSOP LOGGED IN
Thu Oct 04 06:40:09 2012
:  sbot> SYSOP LOGGED IN
Thu Oct 04 06:40:20 2012
:  sbot> SYSOP LOGGED IN
Thu Oct 04 06:40:31 2012
:  sbot> SYSOP LOGGED IN
Thu Oct 04 06:40:42 2012
:  sbot> SYSOP LOGGED IN
Thu Oct 04 06:40:53 2012
:  sbot> SYSOP LOGGED IN
Thu Oct 04 06:41:04 2012
:  sbot> SYSOP LOGGED IN
Thu Oct 04 06:41:15 2012
:  sbot> SYSOP LOGGED IN
Thu Oct 04 06:41:25 2012
:  sbot> SYSOP LOGGED IN
Thu Oct 04 06:41:36 2012
:  sbot> SYSOP LOGGED IN
Thu Oct 04 06:41:47 2012
:  sbot> SYSOP LOGGED IN
Thu Oct 04 06:41:58 2012
:  sbot> SYSOP LOGGED IN
Thu Oct 04 06:42:09 2012
:  sbot> SYSOP LOGGED IN
Thu Oct 04 06:42:20 2012
:  sbot> SYSOP LOGGED IN
Thu Oct 04 06:42:31 2012
:  sbot> SYSOP LOGGED IN
Thu Oct 04 06:42:42 2012
:  sbot> SYSOP LOGGED IN
Thu Oct 04 06:42:53 2012
:  sbot> SYSOP LOGGED IN
Thu Oct 04 06:43:04 2012
:  sbot> SYSOP LOGGED IN
Thu Oct 04 06:43:15 2012
:  sbot> SYSOP LOGGED IN
Thu Oct 04 06:43:26 2012
:  sbot> SYSOP LOGGED IN
Thu Oct 04 06:43:37 2012
:  sbot> SYSOP LOGGED IN
Thu Oct 04 06:43:48 2012
:  sbot> SYSOP LOGGED IN
Thu Oct 04 06:43:58 2012
:  sbot> SYSOP LOGGED IN
Thu Oct 04 06:44:09 2012
:  sbot> SYSOP LOGGED IN
Thu Oct 04 06:44:20 2012
:  sbot> SYSOP LOGGED IN
Thu Oct 04 06:44:31 2012
:  sbot> SYSOP LOGGED IN
Thu Oct 04 06:44:42 2012
:  sbot> SYSOP LOGGED IN
Thu Oct 04 06:44:53 2012
:  sbot> SYSOP LOGGED IN
Thu Oct 04 06:45:04 2012
:  sbot> SYSOP LOGGED IN
Thu Oct 04 06:45:15 2012
:  sbot> SYSOP LOGGED IN
Thu Oct 04 06:45:26 2012
:  sbot> SYSOP LOGGED IN
Thu Oct 04 06:45:37 2012
:  sbot> SYSOP LOGGED IN
Thu Oct 04 06:45:48 2012
:  sbot> SYSOP LOGGED IN
Thu Oct 04 06:45:59 2012
:  sbot> SYSOP LOGGED IN
Thu Oct 04 06:46:09 2012
:  sbot> SYSOP LOGGED IN
Thu Oct 04 06:46:20 2012
:  sbot> SYSOP LOGGED IN
Thu Oct 04 06:46:31 2012
:  sbot> SYSOP LOGGED IN
Thu Oct 04 06:46:42 2012
:  sbot> SYSOP LOGGED IN
Thu Oct 04 06:46:53 2012
:  sbot> SYSOP LOGGED IN
Thu Oct 04 06:47:04 2012
:  sbot> SYSOP LOGGED IN
Thu Oct 04 06:47:15 2012
:  sbot> SYSOP LOGGED IN
Thu Oct 04 06:47:26 2012
:  sbot> SYSOP LOGGED IN
Thu Oct 04 06:47:37 2012
:  sbot> SYSOP LOGGED IN
Thu Oct 04 06:47:48 2012
:  sbot> SYSOP LOGGED IN
Thu Oct 04 06:47:59 2012
:  sbot> SYSOP LOGGED IN
Thu Oct 04 06:48:10 2012
:  sbot> SYSOP LOGGED IN
Thu Oct 04 06:48:20 2012
:  sbot> SYSOP LOGGED IN
Thu Oct 04 06:48:31 2012
:  sbot> SYSOP LOGGED IN
Thu Oct 04 06:48:42 2012
:  sbot> SYSOP LOGGED IN
Thu Oct 04 06:48:53 2012
:  sbot> SYSOP LOGGED IN
Thu Oct 04 06:49:04 2012
:  sbot> SYSOP LOGGED IN
Thu Oct 04 06:49:15 2012
:  sbot> SYSOP LOGGED IN
Thu Oct 04 06:49:26 2012
:  sbot> SYSOP LOGGED IN
Thu Oct 04 06:49:37 2012
:  sbot> SYSOP LOGGED IN
Thu Oct 04 06:49:48 2012
:  sbot> SYSOP LOGGED IN
Thu Oct 04 06:49:59 2012
:  sbot> SYSOP LOGGED IN
Thu Oct 04 06:50:10 2012
:  sbot> SYSOP LOGGED IN
Thu Oct 04 06:50:21 2012
:  sbot> SYSOP LOGGED IN
Thu Oct 04 06:50:32 2012
:  sbot> SYSOP LOGGED IN
Thu Oct 04 06:50:42 2012
:  sbot> SYSOP LOGGED IN
Thu Oct 04 06:50:53 2012
:  sbot> SYSOP LOGGED IN
Thu Oct 04 06:51:04 2012
:  sbot> SYSOP LOGGED IN
Thu Oct 04 06:51:15 2012
:  sbot> SYSOP LOGGED IN
Thu Oct 04 06:51:26 2012
:  sbot> SYSOP LOGGED IN
Thu Oct 04 06:51:37 2012
:  sbot> SYSOP LOGGED IN
Thu Oct 04 06:51:48 2012
:  sbot> SYSOP LOGGED IN
Thu Oct 04 06:51:59 2012
:  sbot> SYSOP LOGGED IN
Thu Oct 04 06:52:10 2012
:  sbot> SYSOP LOGGED IN
Thu Oct 04 06:52:21 2012
:  sbot> SYSOP LOGGED IN
Thu Oct 04 06:52:32 2012
:  sbot> SYSOP LOGGED IN
Thu Oct 04 06:52:43 2012
:  sbot> SYSOP LOGGED IN
Thu Oct 04 06:52:54 2012
:  sbot> SYSOP LOGGED IN
Thu Oct 04 06:53:04 2012
:  sbot> SYSOP LOGGED IN
Thu Oct 04 06:53:15 2012
:  sbot> SYSOP LOGGED IN
Thu Oct 04 06:53:26 2012
:  sbot> SYSOP LOGGED IN
Thu Oct 04 06:53:37 2012
:  sbot> SYSOP LOGGED IN
Thu Oct 04 06:53:48 2012
:  sbot> SYSOP LOGGED IN
Thu Oct 04 06:53:59 2012
:  sbot> SYSOP LOGGED IN
Thu Oct 04 06:54:10 2012
:  sbot> SYSOP LOGGED IN
Thu Oct 04 06:54:21 2012
:  sbot> SYSOP LOGGED IN
Thu Oct 04 06:54:32 2012
:  sbot> SYSOP LOGGED IN
Thu Oct 04 06:54:43 2012
:  sbot> SYSOP LOGGED IN
Thu Oct 04 06:54:54 2012
:  sbot> SYSOP LOGGED IN
Thu Oct 04 06:55:05 2012
:  sbot> SYSOP LOGGED IN
Thu Oct 04 06:55:15 2012
:  sbot> SYSOP LOGGED IN
Thu Oct 04 06:55:26 2012
:  sbot> SYSOP LOGGED IN
Thu Oct 04 06:55:37 2012
:  sbot> SYSOP LOGGED IN
Thu Oct 04 06:55:48 2012
:  sbot> SYSOP LOGGED IN
Thu Oct 04 06:55:59 2012
:  sbot> SYSOP LOGGED IN
Thu Oct 04 06:56:10 2012
:  sbot> SYSOP LOGGED IN
Thu Oct 04 06:56:21 2012
:  sbot> SYSOP LOGGED IN
Thu Oct 04 06:56:32 2012
:  sbot> SYSOP LOGGED IN
Thu Oct 04 06:56:43 2012
:  sbot> SYSOP LOGGED IN
Thu Oct 04 06:56:54 2012
:  sbot> SYSOP LOGGED IN
Thu Oct 04 06:57:05 2012
:  sbot> SYSOP LOGGED IN
Thu Oct 04 06:57:16 2012
:  sbot> SYSOP LOGGED IN
Thu Oct 04 06:57:26 2012
:  sbot> SYSOP LOGGED IN
Thu Oct 04 06:57:37 2012
:  sbot> SYSOP LOGGED IN
Thu Oct 04 06:57:48 2012
:  sbot> SYSOP LOGGED IN
Thu Oct 04 06:57:59 2012
:  sbot> SYSOP LOGGED IN
Thu Oct 04 06:58:10 2012
:  sbot> SYSOP LOGGED IN
Thu Oct 04 06:58:21 2012
:  sbot> SYSOP LOGGED IN
Thu Oct 04 06:58:32 2012
:  sbot> SYSOP LOGGED IN
Thu Oct 04 06:58:43 2012
:  sbot> SYSOP LOGGED IN
Thu Oct 04 06:58:54 2012
:  sbot> SYSOP LOGGED IN
Thu Oct 04 06:59:05 2012
:  sbot> SYSOP LOGGED IN
Thu Oct 04 06:59:16 2012
:  sbot> SYSOP LOGGED IN
Thu Oct 04 06:59:27 2012
:  sbot> SYSOP LOGGED IN
Thu Oct 04 06:59:38 2012
:  sbot> SYSOP LOGGED IN
Thu Oct 04 06:59:48 2012
:  sbot> SYSOP LOGGED IN
Thu Oct 04 06:59:59 2012
:  sbot> SYSOP LOGGED IN
Thu Oct 04 07:00:10 2012
:  sbot> SYSOP LOGGED IN
Thu Oct 04 07:00:21 2012
:  sbot> SYSOP LOGGED IN
Thu Oct 04 07:00:32 2012
:  sbot> SYSOP LOGGED IN
Thu Oct 04 07:00:43 2012
:  sbot> SYSOP LOGGED IN
Thu Oct 04 07:00:54 2012
:  sbot> SYSOP LOGGED IN
Thu Oct 04 07:01:05 2012
:  sbot> SYSOP LOGGED IN
Thu Oct 04 07:01:16 2012
:  sbot> SYSOP LOGGED IN
Thu Oct 04 07:01:27 2012
:  sbot> SYSOP LOGGED IN
Thu Oct 04 07:01:38 2012
:  sbot> SYSOP LOGGED IN
Thu Oct 04 07:01:49 2012
:  sbot> SYSOP LOGGED IN
Thu Oct 04 07:02:00 2012
:  sbot> SYSOP LOGGED IN
Thu Oct 04 07:02:11 2012
:  sbot> SYSOP LOGGED IN
Thu Oct 04 07:02:21 2012
:  sbot> SYSOP LOGGED IN
Thu Oct 04 07:02:32 2012
:  sbot> SYSOP LOGGED IN
Thu Oct 04 07:02:43 2012
:  sbot> SYSOP LOGGED IN
Thu Oct 04 07:02:54 2012
:  sbot> SYSOP LOGGED IN
Thu Oct 04 07:03:05 2012
:  sbot> SYSOP LOGGED IN
Thu Oct 04 07:03:16 2012
:  sbot> SYSOP LOGGED IN
Thu Oct 04 07:03:27 2012
:  sbot> SYSOP LOGGED IN
Thu Oct 04 07:03:38 2012
:  sbot> SYSOP LOGGED IN
Thu Oct 04 07:03:49 2012
:  sbot> SYSOP LOGGED IN
Thu Oct 04 07:04:00 2012
:  sbot> SYSOP LOGGED IN
Thu Oct 04 07:04:11 2012
:  sbot> SYSOP LOGGED IN
Thu Oct 04 07:04:22 2012
:  sbot> SYSOP LOGGED IN
Thu Oct 04 07:04:33 2012
:  sbot> SYSOP LOGGED IN
Thu Oct 04 07:04:44 2012
:  sbot> SYSOP LOGGED IN
Thu Oct 04 07:04:54 2012
:  sbot> SYSOP LOGGED IN
Thu Oct 04 07:05:05 2012
:  sbot> SYSOP LOGGED IN
Thu Oct 04 07:05:16 2012
:  sbot> SYSOP LOGGED IN
Thu Oct 04 07:05:27 2012
:  sbot> SYSOP LOGGED IN
Thu Oct 04 07:05:38 2012
:  sbot> SYSOP LOGGED IN
Thu Oct 04 07:05:49 2012
:  sbot> SYSOP LOGGED IN
Thu Oct 04 07:06:00 2012
:  sbot> SYSOP LOGGED IN
Thu Oct 04 07:06:11 2012
:  sbot> SYSOP LOGGED IN
Thu Oct 04 07:06:22 2012
:  sbot> SYSOP LOGGED IN
Thu Oct 04 07:06:33 2012
:  sbot> SYSOP LOGGED IN
Thu Oct 04 07:06:44 2012
:  sbot> SYSOP LOGGED IN
Thu Oct 04 07:06:55 2012
:  sbot> SYSOP LOGGED IN
Thu Oct 04 07:07:06 2012
:  sbot> SYSOP LOGGED IN
Thu Oct 04 07:07:17 2012
:  sbot> SYSOP LOGGED IN
Thu Oct 04 07:07:28 2012
:  sbot> SYSOP LOGGED IN
Thu Oct 04 07:07:38 2012
:  sbot> SYSOP LOGGED IN
Thu Oct 04 07:07:49 2012
:  sbot> SYSOP LOGGED IN
Thu Oct 04 07:08:00 2012
:  sbot> SYSOP LOGGED IN
Thu Oct 04 07:08:11 2012
:  sbot> SYSOP LOGGED IN
Thu Oct 04 07:08:22 2012
:  sbot> SYSOP LOGGED IN
Thu Oct 04 07:08:33 2012
:  sbot> SYSOP LOGGED IN
Thu Oct 04 07:08:44 2012
:  sbot> SYSOP LOGGED IN
Thu Oct 04 07:08:55 2012
:  sbot> SYSOP LOGGED IN
Thu Oct 04 07:09:06 2012
:  sbot> SYSOP LOGGED IN
Thu Oct 04 07:09:17 2012
:  sbot> SYSOP LOGGED IN
Thu Oct 04 07:09:28 2012
:  sbot> SYSOP LOGGED IN
Thu Oct 04 07:09:39 2012
:  sbot> SYSOP LOGGED IN
Thu Oct 04 07:09:50 2012
:  sbot> SYSOP LOGGED IN
Thu Oct 04 07:10:01 2012
:  sbot> SYSOP LOGGED IN
Thu Oct 04 07:10:11 2012
:  sbot> SYSOP LOGGED IN
Thu Oct 04 07:10:22 2012
:  sbot> SYSOP LOGGED IN
Thu Oct 04 07:10:33 2012
:  sbot> SYSOP LOGGED IN
Thu Oct 04 07:10:44 2012
:  sbot> SYSOP LOGGED IN
Thu Oct 04 07:10:55 2012
:  sbot> SYSOP LOGGED IN
Thu Oct 04 07:11:06 2012
:  sbot> SYSOP LOGGED IN
Thu Oct 04 07:11:17 2012
:  sbot> SYSOP LOGGED IN
Thu Oct 04 07:11:28 2012
:  sbot> SYSOP LOGGED IN
Thu Oct 04 07:11:39 2012
:  sbot> SYSOP LOGGED IN
Thu Oct 04 07:11:50 2012
:  sbot> SYSOP LOGGED IN
Thu Oct 04 07:12:01 2012
:  sbot> SYSOP LOGGED IN
Thu Oct 04 07:12:12 2012
:  sbot> SYSOP LOGGED IN
Thu Oct 04 07:12:22 2012
:  sbot> SYSOP LOGGED IN
Thu Oct 04 07:12:33 2012
:  sbot> SYSOP LOGGED IN
Thu Oct 04 07:12:44 2012
:  sbot> SYSOP LOGGED IN
Thu Oct 04 07:12:55 2012
:  sbot> SYSOP LOGGED IN
Thu Oct 04 07:13:06 2012
:  sbot> SYSOP LOGGED IN
Thu Oct 04 07:13:17 2012
:  sbot> SYSOP LOGGED IN
Thu Oct 04 07:13:28 2012
:  sbot> SYSOP LOGGED IN
Thu Oct 04 07:13:39 2012
:  sbot> SYSOP LOGGED IN
Thu Oct 04 07:13:50 2012
:  sbot> SYSOP LOGGED IN
Thu Oct 04 07:14:01 2012
:  sbot> SYSOP LOGGED IN
Thu Oct 04 07:14:12 2012
:  sbot> SYSOP LOGGED IN
Thu Oct 04 07:14:23 2012
:  sbot> SYSOP LOGGED IN
Thu Oct 04 07:14:33 2012
:  sbot> SYSOP LOGGED IN
Thu Oct 04 07:14:44 2012
:  sbot> SYSOP LOGGED IN
Thu Oct 04 07:14:55 2012
:  sbot> SYSOP LOGGED IN
Thu Oct 04 07:15:06 2012
:  sbot> SYSOP LOGGED IN
Thu Oct 04 07:15:17 2012
:  sbot> SYSOP LOGGED IN
Thu Oct 04 07:15:28 2012
:  sbot> SYSOP LOGGED IN
Thu Oct 04 07:15:39 2012
:  sbot> SYSOP LOGGED IN
Thu Oct 04 07:15:50 2012
:  sbot> SYSOP LOGGED IN
Thu Oct 04 07:16:01 2012
:  sbot> SYSOP LOGGED IN
Thu Oct 04 07:16:12 2012
:  sbot> SYSOP LOGGED IN
Thu Oct 04 07:16:23 2012
:  sbot> SYSOP LOGGED IN
Thu Oct 04 07:16:34 2012
:  sbot> SYSOP LOGGED IN
Thu Oct 04 07:16:45 2012
:  sbot> SYSOP LOGGED IN
Thu Oct 04 07:16:56 2012
:  sbot> SYSOP LOGGED IN
Thu Oct 04 07:17:07 2012
:  sbot> SYSOP LOGGED IN
Thu Oct 04 07:17:18 2012
:  sbot> SYSOP LOGGED IN
Thu Oct 04 07:17:28 2012
:  sbot> SYSOP LOGGED IN
Thu Oct 04 07:17:39 2012
:  sbot> SYSOP LOGGED IN
Thu Oct 04 07:17:50 2012
:  sbot> SYSOP LOGGED IN
Thu Oct 04 07:18:01 2012
:  sbot> SYSOP LOGGED IN
Thu Oct 04 07:18:12 2012
:  sbot> SYSOP LOGGED IN
Thu Oct 04 07:18:23 2012
:  sbot> SYSOP LOGGED IN
Thu Oct 04 07:18:34 2012
:  sbot> SYSOP LOGGED IN
Thu Oct 04 07:18:45 2012
:  sbot> SYSOP LOGGED IN
Thu Oct 04 07:18:56 2012
:  sbot> SYSOP LOGGED IN
Thu Oct 04 07:19:07 2012
:  sbot> SYSOP LOGGED IN
Thu Oct 04 07:19:18 2012
:  sbot> SYSOP LOGGED IN
Thu Oct 04 07:19:29 2012
:  sbot> SYSOP LOGGED IN
Thu Oct 04 07:19:40 2012
:  sbot> SYSOP LOGGED IN
Thu Oct 04 07:19:51 2012
:  sbot> SYSOP LOGGED IN
Thu Oct 04 07:20:01 2012
:  sbot> SYSOP LOGGED IN
Thu Oct 04 07:20:12 2012
:  sbot> SYSOP LOGGED IN
Thu Oct 04 07:20:23 2012
:  sbot> SYSOP LOGGED IN
Thu Oct 04 07:20:34 2012
:  sbot> SYSOP LOGGED IN
Thu Oct 04 07:20:45 2012
:  sbot> SYSOP LOGGED IN
Thu Oct 04 07:20:56 2012
:  sbot> SYSOP LOGGED IN
Thu Oct 04 07:21:07 2012
:  sbot> SYSOP LOGGED IN
Thu Oct 04 07:21:18 2012
:  sbot> SYSOP LOGGED IN
Thu Oct 04 07:21:29 2012
:  sbot> SYSOP LOGGED IN
Thu Oct 04 07:21:40 2012
:  sbot> SYSOP LOGGED IN
Thu Oct 04 07:21:51 2012
:  sbot> SYSOP LOGGED IN
Thu Oct 04 07:22:02 2012
:  sbot> SYSOP LOGGED IN
Thu Oct 04 07:22:13 2012
:  sbot> SYSOP LOGGED IN
Thu Oct 04 07:22:23 2012
:  sbot> SYSOP LOGGED IN
Thu Oct 04 07:22:34 2012
:  sbot> SYSOP LOGGED IN
Thu Oct 04 07:22:45 2012
:  sbot> SYSOP LOGGED IN
Thu Oct 04 07:22:56 2012
:  sbot> SYSOP LOGGED IN
Thu Oct 04 07:23:07 2012
:  sbot> SYSOP LOGGED IN
Thu Oct 04 07:23:18 2012
:  sbot> SYSOP LOGGED IN
Thu Oct 04 07:23:29 2012
:  sbot> SYSOP LOGGED IN
Thu Oct 04 07:23:40 2012
:  sbot> SYSOP LOGGED IN
Thu Oct 04 07:23:51 2012
:  sbot> SYSOP LOGGED IN
Thu Oct 04 07:24:02 2012
:  sbot> SYSOP LOGGED IN
Thu Oct 04 07:24:13 2012
:  sbot> SYSOP LOGGED IN
Thu Oct 04 07:24:24 2012
:  sbot> SYSOP LOGGED IN
Thu Oct 04 07:24:35 2012
:  sbot> SYSOP LOGGED IN
Thu Oct 04 07:24:46 2012
:  sbot> SYSOP LOGGED IN
Thu Oct 04 07:24:56 2012
:  sbot> SYSOP LOGGED IN
Thu Oct 04 07:25:07 2012
:  sbot> SYSOP LOGGED IN
Thu Oct 04 07:25:18 2012
:  sbot> SYSOP LOGGED IN
Thu Oct 04 07:25:29 2012
:  sbot> SYSOP LOGGED IN
Thu Oct 04 07:25:40 2012
:  sbot> SYSOP LOGGED IN
Thu Oct 04 07:25:51 2012
:  sbot> SYSOP LOGGED IN
Thu Oct 04 07:26:02 2012
:  sbot> SYSOP LOGGED IN
Thu Oct 04 07:26:13 2012
:  sbot> SYSOP LOGGED IN
Thu Oct 04 07:26:24 2012
:  sbot> SYSOP LOGGED IN
Thu Oct 04 07:26:35 2012
:  sbot> SYSOP LOGGED IN
Thu Oct 04 07:26:46 2012
:  sbot> SYSOP LOGGED IN
Thu Oct 04 07:26:57 2012
:  sbot> SYSOP LOGGED IN
Thu Oct 04 07:27:08 2012
:  sbot> SYSOP LOGGED IN
Thu Oct 04 07:27:18 2012
:  sbot> SYSOP LOGGED IN
Thu Oct 04 07:27:29 2012
:  sbot> SYSOP LOGGED IN
Thu Oct 04 07:27:40 2012
:  sbot> SYSOP LOGGED IN
Thu Oct 04 07:27:51 2012
:  sbot> SYSOP LOGGED IN
Thu Oct 04 07:28:02 2012
:  sbot> SYSOP LOGGED IN
Thu Oct 04 07:28:13 2012
:  sbot> SYSOP LOGGED IN
Thu Oct 04 07:28:24 2012
:  sbot> SYSOP LOGGED IN
Thu Oct 04 07:28:35 2012
:  sbot> SYSOP LOGGED IN
Thu Oct 04 07:28:46 2012
:  sbot> SYSOP LOGGED IN
Thu Oct 04 07:28:57 2012
:  sbot> SYSOP LOGGED IN
Thu Oct 04 07:29:08 2012
:  sbot> SYSOP LOGGED IN
Thu Oct 04 07:29:19 2012
:  sbot> SYSOP LOGGED IN
Thu Oct 04 07:29:30 2012
:  sbot> SYSOP LOGGED IN
Thu Oct 04 07:29:41 2012
:  sbot> SYSOP LOGGED IN
Thu Oct 04 07:29:52 2012
:  sbot> SYSOP LOGGED IN
Thu Oct 04 07:30:02 2012
:  sbot> SYSOP LOGGED IN
Thu Oct 04 07:30:13 2012
:  sbot> SYSOP LOGGED IN
Thu Oct 04 07:30:24 2012
:  sbot> SYSOP LOGGED IN
Thu Oct 04 07:30:28 2012
:  Ext: Loading level file: trench3.lvl
Thu Oct 04 07:30:28 2012
:  Ext: Loading level file: #A1new.lvz
Thu Oct 04 07:30:28 2012
:  Ext: Loading level file: pubtimer.lvz
Thu Oct 04 07:30:28 2012
:  Ext: Loading level file: WeekEndPub.lvz
Thu Oct 04 07:30:28 2012
:  Ext: Failed to load level file: WeekEndPub.lvz
Thu Oct 04 07:30:35 2012
:  sbot> SYSOP LOGGED IN
Thu Oct 04 07:30:46 2012
:  sbot> SYSOP LOGGED IN
Thu Oct 04 07:30:57 2012
:  sbot> SYSOP LOGGED IN
Thu Oct 04 07:31:08 2012
:  sbot> SYSOP LOGGED IN
Thu Oct 04 07:31:19 2012
:  sbot> SYSOP LOGGED IN
Thu Oct 04 07:31:29 2012
:  Arena dropped
Thu Oct 04 07:31:30 2012
:  sbot> SYSOP LOGGED IN
Thu Oct 04 07:31:41 2012
:  sbot> SYSOP LOGGED IN
Thu Oct 04 07:31:41 2012
:  Arena dropped
Thu Oct 04 07:31:52 2012
:  sbot> SYSOP LOGGED IN
Thu Oct 04 07:32:03 2012
:  sbot> SYSOP LOGGED IN
Thu Oct 04 07:32:14 2012
:  sbot> SYSOP LOGGED IN
Thu Oct 04 07:32:25 2012
:  sbot> SYSOP LOGGED IN
Thu Oct 04 07:32:36 2012
:  sbot> SYSOP LOGGED IN
Thu Oct 04 07:32:46 2012
:  sbot> SYSOP LOGGED IN
Thu Oct 04 07:32:57 2012
:  sbot> SYSOP LOGGED IN
Thu Oct 04 07:33:08 2012
:  sbot> SYSOP LOGGED IN
Thu Oct 04 07:33:19 2012
:  sbot> SYSOP LOGGED IN
Thu Oct 04 07:33:30 2012
:  sbot> SYSOP LOGGED IN
Thu Oct 04 07:33:41 2012
:  sbot> SYSOP LOGGED IN
Thu Oct 04 07:33:52 2012
:  sbot> SYSOP LOGGED IN
Thu Oct 04 07:34:03 2012
:  sbot> SYSOP LOGGED IN
Thu Oct 04 07:34:14 2012
:  sbot> SYSOP LOGGED IN
Thu Oct 04 07:34:25 2012
:  sbot> SYSOP LOGGED IN
Thu Oct 04 07:34:36 2012
:  sbot> SYSOP LOGGED IN
Thu Oct 04 07:34:47 2012
:  sbot> SYSOP LOGGED IN
Thu Oct 04 07:34:58 2012
:  sbot> SYSOP LOGGED IN
Thu Oct 04 07:35:09 2012
:  sbot> SYSOP LOGGED IN
Thu Oct 04 07:35:19 2012
:  sbot> SYSOP LOGGED IN
Thu Oct 04 07:35:30 2012
:  sbot> SYSOP LOGGED IN
Thu Oct 04 07:35:41 2012
:  sbot> SYSOP LOGGED IN
Thu Oct 04 07:35:52 2012
:  sbot> SYSOP LOGGED IN
Thu Oct 04 07:36:03 2012
:  sbot> SYSOP LOGGED IN
Thu Oct 04 07:36:14 2012
:  sbot> SYSOP LOGGED IN
Thu Oct 04 07:36:25 2012
:  sbot> SYSOP LOGGED IN
Thu Oct 04 07:36:36 2012
:  sbot> SYSOP LOGGED IN
Thu Oct 04 07:36:47 2012
:  sbot> SYSOP LOGGED IN
Thu Oct 04 07:36:58 2012
:  sbot> SYSOP LOGGED IN
Thu Oct 04 07:37:09 2012
:  sbot> SYSOP LOGGED IN
Thu Oct 04 07:37:20 2012
:  sbot> SYSOP LOGGED IN
Thu Oct 04 07:37:30 2012
:  sbot> SYSOP LOGGED IN
Thu Oct 04 07:37:41 2012
:  sbot> SYSOP LOGGED IN
Thu Oct 04 07:37:52 2012
:  sbot> SYSOP LOGGED IN
Thu Oct 04 07:38:03 2012
:  sbot> SYSOP LOGGED IN
Thu Oct 04 07:38:14 2012
:  sbot> SYSOP LOGGED IN
Thu Oct 04 07:38:25 2012
:  sbot> SYSOP LOGGED IN
Thu Oct 04 07:38:36 2012
:  sbot> SYSOP LOGGED IN
Thu Oct 04 07:38:47 2012
:  sbot> SYSOP LOGGED IN
Thu Oct 04 07:38:58 2012
:  sbot> SYSOP LOGGED IN
Thu Oct 04 07:39:09 2012
:  sbot> SYSOP LOGGED IN
Thu Oct 04 07:39:20 2012
:  sbot> SYSOP LOGGED IN
Thu Oct 04 07:39:31 2012
:  sbot> SYSOP LOGGED IN
Thu Oct 04 07:39:42 2012
:  sbot> SYSOP LOGGED IN
Thu Oct 04 07:39:52 2012
:  sbot> SYSOP LOGGED IN
Thu Oct 04 07:40:04 2012
:  sbot> SYSOP LOGGED IN
Thu Oct 04 07:40:14 2012
:  sbot> SYSOP LOGGED IN
Thu Oct 04 07:40:25 2012
:  sbot> SYSOP LOGGED IN
Thu Oct 04 07:40:36 2012
:  sbot> SYSOP LOGGED IN
Thu Oct 04 07:40:47 2012
:  sbot> SYSOP LOGGED IN
Thu Oct 04 07:40:58 2012
:  sbot> SYSOP LOGGED IN
Thu Oct 04 07:41:09 2012
:  sbot> SYSOP LOGGED IN
Thu Oct 04 07:41:20 2012
:  sbot> SYSOP LOGGED IN
Thu Oct 04 07:41:31 2012
:  sbot> SYSOP LOGGED IN
Thu Oct 04 07:41:42 2012
:  sbot> SYSOP LOGGED IN
Thu Oct 04 07:41:53 2012
:  sbot> SYSOP LOGGED IN
Thu Oct 04 07:42:04 2012
:  sbot> SYSOP LOGGED IN
Thu Oct 04 07:42:15 2012
:  sbot> SYSOP LOGGED IN
Thu Oct 04 07:42:26 2012
:  sbot> SYSOP LOGGED IN
Thu Oct 04 07:42:37 2012
:  sbot> SYSOP LOGGED IN
Thu Oct 04 07:42:47 2012
:  sbot> SYSOP LOGGED IN
Thu Oct 04 07:42:58 2012
:  sbot> SYSOP LOGGED IN
Thu Oct 04 07:43:09 2012
:  sbot> SYSOP LOGGED IN
Thu Oct 04 07:43:20 2012
:  sbot> SYSOP LOGGED IN
Thu Oct 04 07:43:31 2012
:  sbot> SYSOP LOGGED IN
Thu Oct 04 07:43:42 2012
:  sbot> SYSOP LOGGED IN
Thu Oct 04 07:43:53 2012
:  sbot> SYSOP LOGGED IN
Thu Oct 04 07:44:04 2012
:  sbot> SYSOP LOGGED IN
Thu Oct 04 07:44:15 2012
:  sbot> SYSOP LOGGED IN
Thu Oct 04 07:44:26 2012
:  sbot> SYSOP LOGGED IN
Thu Oct 04 07:44:37 2012
:  sbot> SYSOP LOGGED IN
Thu Oct 04 07:44:48 2012
:  sbot> SYSOP LOGGED IN
Thu Oct 04 07:44:59 2012
:  sbot> SYSOP LOGGED IN
Thu Oct 04 07:45:09 2012
:  sbot> SYSOP LOGGED IN
Thu Oct 04 07:45:20 2012
:  sbot> SYSOP LOGGED IN
Thu Oct 04 07:45:31 2012
:  sbot> SYSOP LOGGED IN
Thu Oct 04 07:45:42 2012
:  sbot> SYSOP LOGGED IN
Thu Oct 04 07:45:53 2012
:  sbot> SYSOP LOGGED IN
Thu Oct 04 07:46:04 2012
:  sbot> SYSOP LOGGED IN
Thu Oct 04 07:46:15 2012
:  sbot> SYSOP LOGGED IN
Thu Oct 04 07:46:26 2012
:  sbot> SYSOP LOGGED IN
Thu Oct 04 07:46:37 2012
:  sbot> SYSOP LOGGED IN
Thu Oct 04 07:46:48 2012
:  sbot> SYSOP LOGGED IN
Thu Oct 04 07:46:59 2012
:  sbot> SYSOP LOGGED IN
Thu Oct 04 07:47:10 2012
:  sbot> SYSOP LOGGED IN
Thu Oct 04 07:47:21 2012
:  sbot> SYSOP LOGGED IN
Thu Oct 04 07:47:32 2012
:  sbot> SYSOP LOGGED IN
Thu Oct 04 07:47:42 2012
:  sbot> SYSOP LOGGED IN
Thu Oct 04 07:47:53 2012
:  sbot> SYSOP LOGGED IN
Thu Oct 04 07:48:04 2012
:  sbot> SYSOP LOGGED IN
Thu Oct 04 07:48:15 2012
:  sbot> SYSOP LOGGED IN
Thu Oct 04 07:48:26 2012
:  sbot> SYSOP LOGGED IN
Thu Oct 04 07:48:37 2012
:  sbot> SYSOP LOGGED IN
Thu Oct 04 07:48:48 2012
:  sbot> SYSOP LOGGED IN
Thu Oct 04 07:48:59 2012
:  sbot> SYSOP LOGGED IN
Thu Oct 04 07:49:10 2012
:  sbot> SYSOP LOGGED IN
Thu Oct 04 07:49:21 2012
:  sbot> SYSOP LOGGED IN
Thu Oct 04 07:49:32 2012
:  sbot> SYSOP LOGGED IN
Thu Oct 04 07:49:43 2012
:  sbot> SYSOP LOGGED IN
Thu Oct 04 07:49:54 2012
:  sbot> SYSOP LOGGED IN
Thu Oct 04 07:50:05 2012
:  sbot> SYSOP LOGGED IN
Thu Oct 04 07:50:16 2012
:  sbot> SYSOP LOGGED IN
Thu Oct 04 07:50:26 2012
:  sbot> SYSOP LOGGED IN
Thu Oct 04 07:50:37 2012
:  sbot> SYSOP LOGGED IN
Thu Oct 04 07:50:48 2012
:  sbot> SYSOP LOGGED IN
Thu Oct 04 07:50:59 2012
:  sbot> SYSOP LOGGED IN
Thu Oct 04 07:51:10 2012
:  sbot> SYSOP LOGGED IN
Thu Oct 04 07:51:21 2012
:  sbot> SYSOP LOGGED IN
Thu Oct 04 07:51:32 2012
:  sbot> SYSOP LOGGED IN
Thu Oct 04 07:51:43 2012
:  sbot> SYSOP LOGGED IN
Thu Oct 04 07:51:54 2012
:  sbot> SYSOP LOGGED IN
Thu Oct 04 07:52:05 2012
:  sbot> SYSOP LOGGED IN
Thu Oct 04 07:52:16 2012
:  sbot> SYSOP LOGGED IN
Thu Oct 04 07:52:27 2012
:  sbot> SYSOP LOGGED IN
Thu Oct 04 07:52:38 2012
:  sbot> SYSOP LOGGED IN
Thu Oct 04 07:52:49 2012
:  sbot> SYSOP LOGGED IN
Thu Oct 04 07:52:59 2012
:  sbot> SYSOP LOGGED IN
Thu Oct 04 07:53:10 2012
:  sbot> SYSOP LOGGED IN
Thu Oct 04 07:53:21 2012
:  sbot> SYSOP LOGGED IN
Thu Oct 04 07:53:32 2012
:  sbot> SYSOP LOGGED IN
Thu Oct 04 07:53:43 2012
:  sbot> SYSOP LOGGED IN
Thu Oct 04 07:53:54 2012
:  sbot> SYSOP LOGGED IN
Thu Oct 04 07:54:05 2012
:  sbot> SYSOP LOGGED IN
Thu Oct 04 07:54:16 2012
:  sbot> SYSOP LOGGED IN
Thu Oct 04 07:54:27 2012
:  sbot> SYSOP LOGGED IN
Thu Oct 04 07:54:38 2012
:  sbot> SYSOP LOGGED IN
Thu Oct 04 07:54:49 2012
:  sbot> SYSOP LOGGED IN
Thu Oct 04 07:55:00 2012
:  sbot> SYSOP LOGGED IN
Thu Oct 04 07:55:11 2012
:  sbot> SYSOP LOGGED IN
Thu Oct 04 07:55:22 2012
:  sbot> SYSOP LOGGED IN
Thu Oct 04 07:55:33 2012
:  sbot> SYSOP LOGGED IN
Thu Oct 04 07:55:43 2012
:  sbot> SYSOP LOGGED IN
Thu Oct 04 07:55:54 2012
:  sbot> SYSOP LOGGED IN
Thu Oct 04 07:56:05 2012
:  sbot> SYSOP LOGGED IN
Thu Oct 04 07:56:16 2012
:  sbot> SYSOP LOGGED IN
Thu Oct 04 07:56:27 2012
:  sbot> SYSOP LOGGED IN
Thu Oct 04 07:56:38 2012
:  sbot> SYSOP LOGGED IN
Thu Oct 04 07:56:49 2012
:  sbot> SYSOP LOGGED IN
Thu Oct 04 07:57:00 2012
:  sbot> SYSOP LOGGED IN
Thu Oct 04 07:57:11 2012
:  sbot> SYSOP LOGGED IN
Thu Oct 04 07:57:22 2012
:  sbot> SYSOP LOGGED IN
Thu Oct 04 07:57:33 2012
:  sbot> SYSOP LOGGED IN
Thu Oct 04 07:57:44 2012
:  sbot> SYSOP LOGGED IN
Thu Oct 04 07:57:55 2012
:  sbot> SYSOP LOGGED IN
Thu Oct 04 07:58:06 2012
:  sbot> SYSOP LOGGED IN
Thu Oct 04 07:58:17 2012
:  sbot> SYSOP LOGGED IN
Thu Oct 04 07:58:27 2012
:  sbot> SYSOP LOGGED IN
Thu Oct 04 07:58:38 2012
:  sbot> SYSOP LOGGED IN
Thu Oct 04 07:58:49 2012
:  sbot> SYSOP LOGGED IN
Thu Oct 04 07:59:00 2012
:  sbot> SYSOP LOGGED IN
Thu Oct 04 07:59:11 2012
:  sbot> SYSOP LOGGED IN
Thu Oct 04 07:59:22 2012
:  sbot> SYSOP LOGGED IN
Thu Oct 04 07:59:33 2012
:  sbot> SYSOP LOGGED IN
Thu Oct 04 07:59:44 2012
:  sbot> SYSOP LOGGED IN
Thu Oct 04 07:59:55 2012
:  sbot> SYSOP LOGGED IN
Thu Oct 04 08:00:06 2012
:  sbot> SYSOP LOGGED IN
Thu Oct 04 08:00:17 2012
:  sbot> SYSOP LOGGED IN
Thu Oct 04 08:00:28 2012
:  sbot> SYSOP LOGGED IN
Thu Oct 04 08:00:39 2012
:  sbot> SYSOP LOGGED IN
Thu Oct 04 08:00:50 2012
:  sbot> SYSOP LOGGED IN
Thu Oct 04 08:01:01 2012
:  sbot> SYSOP LOGGED IN
Thu Oct 04 08:01:12 2012
:  sbot> SYSOP LOGGED IN
Thu Oct 04 08:01:22 2012
:  sbot> SYSOP LOGGED IN
Thu Oct 04 08:01:33 2012
:  sbot> SYSOP LOGGED IN
Thu Oct 04 08:01:44 2012
:  sbot> SYSOP LOGGED IN
Thu Oct 04 08:01:55 2012
:  sbot> SYSOP LOGGED IN
Thu Oct 04 08:02:06 2012
:  sbot> SYSOP LOGGED IN
Thu Oct 04 08:02:17 2012
:  sbot> SYSOP LOGGED IN
Thu Oct 04 08:02:28 2012
:  sbot> SYSOP LOGGED IN
Thu Oct 04 08:02:39 2012
:  sbot> SYSOP LOGGED IN
Thu Oct 04 08:02:50 2012
:  sbot> SYSOP LOGGED IN
Thu Oct 04 08:03:01 2012
:  sbot> SYSOP LOGGED IN
Thu Oct 04 08:03:12 2012
:  sbot> SYSOP LOGGED IN
Thu Oct 04 08:03:23 2012
:  sbot> SYSOP LOGGED IN
Thu Oct 04 08:03:34 2012
:  sbot> SYSOP LOGGED IN
Thu Oct 04 08:03:45 2012
:  sbot> SYSOP LOGGED IN
Thu Oct 04 08:03:56 2012
:  sbot> SYSOP LOGGED IN
Thu Oct 04 08:04:07 2012
:  sbot> SYSOP LOGGED IN
Thu Oct 04 08:04:18 2012
:  sbot> SYSOP LOGGED IN
Thu Oct 04 08:04:29 2012
:  sbot> SYSOP LOGGED IN
Thu Oct 04 08:04:39 2012
:  sbot> SYSOP LOGGED IN
Thu Oct 04 08:04:50 2012
:  sbot> SYSOP LOGGED IN
Thu Oct 04 08:05:01 2012
:  sbot> SYSOP LOGGED IN
Thu Oct 04 08:05:12 2012
:  sbot> SYSOP LOGGED IN
Thu Oct 04 08:05:23 2012
:  sbot> SYSOP LOGGED IN
Thu Oct 04 08:05:34 2012
:  sbot> SYSOP LOGGED IN
Thu Oct 04 08:05:45 2012
:  sbot> SYSOP LOGGED IN
Thu Oct 04 08:05:56 2012
:  sbot> SYSOP LOGGED IN
Thu Oct 04 08:06:07 2012
:  sbot> SYSOP LOGGED IN
Thu Oct 04 08:06:18 2012
:  sbot> SYSOP LOGGED IN
Thu Oct 04 08:06:29 2012
:  sbot> SYSOP LOGGED IN
Thu Oct 04 08:06:40 2012
:  sbot> SYSOP LOGGED IN
Thu Oct 04 08:06:51 2012
:  sbot> SYSOP LOGGED IN
Thu Oct 04 08:07:02 2012
:  sbot> SYSOP LOGGED IN
Thu Oct 04 08:07:13 2012
:  sbot> SYSOP LOGGED IN
Thu Oct 04 08:07:24 2012
:  sbot> SYSOP LOGGED IN
Thu Oct 04 08:07:34 2012
:  sbot> SYSOP LOGGED IN
Thu Oct 04 08:07:45 2012
:  sbot> SYSOP LOGGED IN
Thu Oct 04 08:07:56 2012
:  sbot> SYSOP LOGGED IN
Thu Oct 04 08:08:07 2012
:  sbot> SYSOP LOGGED IN
Thu Oct 04 08:08:18 2012
:  sbot> SYSOP LOGGED IN
Thu Oct 04 08:08:29 2012
:  sbot> SYSOP LOGGED IN
Thu Oct 04 08:08:40 2012
:  sbot> SYSOP LOGGED IN
Thu Oct 04 08:08:51 2012
:  sbot> SYSOP LOGGED IN
Thu Oct 04 08:09:02 2012
:  sbot> SYSOP LOGGED IN
Thu Oct 04 08:09:13 2012
:  sbot> SYSOP LOGGED IN
Thu Oct 04 08:09:24 2012
:  sbot> SYSOP LOGGED IN
Thu Oct 04 08:09:35 2012
:  sbot> SYSOP LOGGED IN
Thu Oct 04 08:09:46 2012
:  sbot> SYSOP LOGGED IN
Thu Oct 04 08:09:57 2012
:  sbot> SYSOP LOGGED IN
Thu Oct 04 08:10:08 2012
:  sbot> SYSOP LOGGED IN
Thu Oct 04 08:10:18 2012
:  sbot> SYSOP LOGGED IN
Thu Oct 04 08:10:29 2012
:  sbot> SYSOP LOGGED IN
Thu Oct 04 08:10:40 2012
:  sbot> SYSOP LOGGED IN
Thu Oct 04 08:10:51 2012
:  sbot> SYSOP LOGGED IN
Thu Oct 04 08:11:02 2012
:  sbot> SYSOP LOGGED IN
Thu Oct 04 08:11:13 2012
:  sbot> SYSOP LOGGED IN
Thu Oct 04 08:11:24 2012
:  sbot> SYSOP LOGGED IN
Thu Oct 04 08:11:35 2012
:  sbot> SYSOP LOGGED IN
Thu Oct 04 08:11:46 2012
:  sbot> SYSOP LOGGED IN
Thu Oct 04 08:11:57 2012
:  sbot> SYSOP LOGGED IN
Thu Oct 04 08:12:08 2012
:  sbot> SYSOP LOGGED IN
Thu Oct 04 08:12:19 2012
:  sbot> SYSOP LOGGED IN
Thu Oct 04 08:12:30 2012
:  sbot> SYSOP LOGGED IN
Thu Oct 04 08:12:41 2012
:  sbot> SYSOP LOGGED IN
Thu Oct 04 08:12:51 2012
:  sbot> SYSOP LOGGED IN
Thu Oct 04 08:13:02 2012
:  sbot> SYSOP LOGGED IN
Thu Oct 04 08:13:13 2012
:  sbot> SYSOP LOGGED IN
Thu Oct 04 08:13:24 2012
:  sbot> SYSOP LOGGED IN
Thu Oct 04 08:13:35 2012
:  sbot> SYSOP LOGGED IN
Thu Oct 04 08:13:46 2012
:  sbot> SYSOP LOGGED IN
Thu Oct 04 08:13:57 2012
:  sbot> SYSOP LOGGED IN
Thu Oct 04 08:14:08 2012
:  sbot> SYSOP LOGGED IN
Thu Oct 04 08:14:19 2012
:  sbot> SYSOP LOGGED IN
Thu Oct 04 08:14:30 2012
:  sbot> SYSOP LOGGED IN
Thu Oct 04 08:14:41 2012
:  sbot> SYSOP LOGGED IN
Thu Oct 04 08:14:52 2012
:  sbot> SYSOP LOGGED IN
Thu Oct 04 08:15:03 2012
:  sbot> SYSOP LOGGED IN
Thu Oct 04 08:15:13 2012
:  sbot> SYSOP LOGGED IN
Thu Oct 04 08:15:24 2012
:  sbot> SYSOP LOGGED IN
Thu Oct 04 08:15:35 2012
:  sbot> SYSOP LOGGED IN
Thu Oct 04 08:15:46 2012
:  sbot> SYSOP LOGGED IN
Thu Oct 04 08:15:57 2012
:  sbot> SYSOP LOGGED IN
Thu Oct 04 08:16:08 2012
:  sbot> SYSOP LOGGED IN
Thu Oct 04 08:16:19 2012
:  sbot> SYSOP LOGGED IN
Thu Oct 04 08:16:30 2012
:  sbot> SYSOP LOGGED IN
Thu Oct 04 08:16:41 2012
:  sbot> SYSOP LOGGED IN
Thu Oct 04 08:16:52 2012
:  sbot> SYSOP LOGGED IN
Thu Oct 04 08:17:03 2012
:  sbot> SYSOP LOGGED IN
Thu Oct 04 08:17:14 2012
:  sbot> SYSOP LOGGED IN
Thu Oct 04 08:17:25 2012
:  sbot> SYSOP LOGGED IN
Thu Oct 04 08:17:36 2012
:  sbot> SYSOP LOGGED IN
Thu Oct 04 08:17:46 2012
:  sbot> SYSOP LOGGED IN
Thu Oct 04 08:17:57 2012
:  sbot> SYSOP LOGGED IN
Thu Oct 04 08:18:08 2012
:  sbot> SYSOP LOGGED IN
Thu Oct 04 08:18:19 2012
:  sbot> SYSOP LOGGED IN
Thu Oct 04 08:18:30 2012
:  sbot> SYSOP LOGGED IN
Thu Oct 04 08:18:41 2012
:  sbot> SYSOP LOGGED IN
Thu Oct 04 08:18:52 2012
:  sbot> SYSOP LOGGED IN
Thu Oct 04 08:19:03 2012
:  sbot> SYSOP LOGGED IN
Thu Oct 04 08:19:14 2012
:  sbot> SYSOP LOGGED IN
Thu Oct 04 08:19:25 2012
:  sbot> SYSOP LOGGED IN
Thu Oct 04 08:19:36 2012
:  sbot> SYSOP LOGGED IN
Thu Oct 04 08:19:46 2012
:  sbot> SYSOP LOGGED IN
Thu Oct 04 08:19:57 2012
:  sbot> SYSOP LOGGED IN
Thu Oct 04 08:20:08 2012
:  sbot> SYSOP LOGGED IN
Thu Oct 04 08:20:19 2012
:  sbot> SYSOP LOGGED IN
Thu Oct 04 08:20:30 2012
:  sbot> SYSOP LOGGED IN
Thu Oct 04 08:20:41 2012
:  sbot> SYSOP LOGGED IN
Thu Oct 04 08:20:52 2012
:  sbot> SYSOP LOGGED IN
Thu Oct 04 08:21:03 2012
:  sbot> SYSOP LOGGED IN
Thu Oct 04 08:21:14 2012
:  sbot> SYSOP LOGGED IN
Thu Oct 04 08:21:25 2012
:  sbot> SYSOP LOGGED IN
Thu Oct 04 08:21:36 2012
:  sbot> SYSOP LOGGED IN
Thu Oct 04 08:21:47 2012
:  sbot> SYSOP LOGGED IN
Thu Oct 04 08:21:58 2012
:  sbot> SYSOP LOGGED IN
Thu Oct 04 08:22:09 2012
:  sbot> SYSOP LOGGED IN
Thu Oct 04 08:22:20 2012
:  sbot> SYSOP LOGGED IN
Thu Oct 04 08:22:30 2012
:  sbot> SYSOP LOGGED IN
Thu Oct 04 08:22:41 2012
:  sbot> SYSOP LOGGED IN
Thu Oct 04 08:22:52 2012
:  sbot> SYSOP LOGGED IN
Thu Oct 04 08:23:03 2012
:  sbot> SYSOP LOGGED IN
Thu Oct 04 08:23:14 2012
:  sbot> SYSOP LOGGED IN
Thu Oct 04 08:23:26 2012
:  sbot> SYSOP LOGGED IN
Thu Oct 04 08:23:37 2012
:  sbot> SYSOP LOGGED IN
Thu Oct 04 08:23:48 2012
:  sbot> SYSOP LOGGED IN
Thu Oct 04 08:23:59 2012
:  sbot> SYSOP LOGGED IN
Thu Oct 04 08:24:10 2012
:  sbot> SYSOP LOGGED IN
Thu Oct 04 08:24:21 2012
:  sbot> SYSOP LOGGED IN
Thu Oct 04 08:24:32 2012
:  sbot> SYSOP LOGGED IN
Thu Oct 04 08:24:43 2012
:  sbot> SYSOP LOGGED IN
Thu Oct 04 08:24:53 2012
:  sbot> SYSOP LOGGED IN
Thu Oct 04 08:25:04 2012
:  sbot> SYSOP LOGGED IN
Thu Oct 04 08:25:15 2012
:  sbot> SYSOP LOGGED IN
Thu Oct 04 08:25:26 2012
:  sbot> SYSOP LOGGED IN
Thu Oct 04 08:25:37 2012
:  sbot> SYSOP LOGGED IN
Thu Oct 04 08:25:48 2012
:  sbot> SYSOP LOGGED IN
Thu Oct 04 08:25:59 2012
:  sbot> SYSOP LOGGED IN
Thu Oct 04 08:26:10 2012
:  sbot> SYSOP LOGGED IN
Thu Oct 04 08:26:21 2012
:  sbot> SYSOP LOGGED IN
Thu Oct 04 08:26:32 2012
:  sbot> SYSOP LOGGED IN
Thu Oct 04 08:26:43 2012
:  sbot> SYSOP LOGGED IN
Thu Oct 04 08:26:54 2012
:  sbot> SYSOP LOGGED IN
Thu Oct 04 08:27:05 2012
:  sbot> SYSOP LOGGED IN
Thu Oct 04 08:27:16 2012
:  sbot> SYSOP LOGGED IN
Thu Oct 04 08:27:26 2012
:  sbot> SYSOP LOGGED IN
Thu Oct 04 08:27:37 2012
:  sbot> SYSOP LOGGED IN
Thu Oct 04 08:27:48 2012
:  sbot> SYSOP LOGGED IN
Thu Oct 04 08:27:59 2012
:  sbot> SYSOP LOGGED IN
Thu Oct 04 08:28:10 2012
:  sbot> SYSOP LOGGED IN
Thu Oct 04 08:28:21 2012
:  sbot> SYSOP LOGGED IN
Thu Oct 04 08:28:32 2012
:  sbot> SYSOP LOGGED IN
Thu Oct 04 08:28:43 2012
:  sbot> SYSOP LOGGED IN
Thu Oct 04 08:28:54 2012
:  sbot> SYSOP LOGGED IN
Thu Oct 04 08:29:05 2012
:  sbot> SYSOP LOGGED IN
Thu Oct 04 08:29:16 2012
:  sbot> SYSOP LOGGED IN
Thu Oct 04 08:29:27 2012
:  sbot> SYSOP LOGGED IN
Thu Oct 04 08:29:38 2012
:  sbot> SYSOP LOGGED IN
Thu Oct 04 08:29:49 2012
:  sbot> SYSOP LOGGED IN
Thu Oct 04 08:30:00 2012
:  sbot> SYSOP LOGGED IN
Thu Oct 04 08:30:11 2012
:  sbot> SYSOP LOGGED IN
Thu Oct 04 08:30:21 2012
:  sbot> SYSOP LOGGED IN
Thu Oct 04 08:30:32 2012
:  sbot> SYSOP LOGGED IN
Thu Oct 04 08:30:43 2012
:  sbot> SYSOP LOGGED IN
Thu Oct 04 08:30:54 2012
:  sbot> SYSOP LOGGED IN
Thu Oct 04 08:31:05 2012
:  sbot> SYSOP LOGGED IN
Thu Oct 04 08:31:16 2012
:  sbot> SYSOP LOGGED IN
Thu Oct 04 08:31:27 2012
:  sbot> SYSOP LOGGED IN
Thu Oct 04 08:31:38 2012
:  sbot> SYSOP LOGGED IN
Thu Oct 04 08:31:49 2012
:  sbot> SYSOP LOGGED IN
Thu Oct 04 08:32:00 2012
:  sbot> SYSOP LOGGED IN
Thu Oct 04 08:32:11 2012
:  sbot> SYSOP LOGGED IN
Thu Oct 04 08:32:22 2012
:  sbot> SYSOP LOGGED IN
Thu Oct 04 08:32:33 2012
:  sbot> SYSOP LOGGED IN
Thu Oct 04 08:32:44 2012
:  sbot> SYSOP LOGGED IN
Thu Oct 04 08:32:55 2012
:  sbot> SYSOP LOGGED IN
Thu Oct 04 08:33:06 2012
:  sbot> SYSOP LOGGED IN
Thu Oct 04 08:33:16 2012
:  sbot> SYSOP LOGGED IN
Thu Oct 04 08:33:27 2012
:  sbot> SYSOP LOGGED IN
Thu Oct 04 08:33:38 2012
:  sbot> SYSOP LOGGED IN
Thu Oct 04 08:33:49 2012
:  sbot> SYSOP LOGGED IN
Thu Oct 04 08:34:00 2012
:  sbot> SYSOP LOGGED IN
Thu Oct 04 08:34:11 2012
:  sbot> SYSOP LOGGED IN
Thu Oct 04 08:34:22 2012
:  sbot> SYSOP LOGGED IN
Thu Oct 04 08:34:33 2012
:  sbot> SYSOP LOGGED IN
Thu Oct 04 08:34:44 2012
:  sbot> SYSOP LOGGED IN
Thu Oct 04 08:34:55 2012
:  sbot> SYSOP LOGGED IN
Thu Oct 04 08:35:06 2012
:  sbot> SYSOP LOGGED IN
Thu Oct 04 08:35:17 2012
:  sbot> SYSOP LOGGED IN
Thu Oct 04 08:35:28 2012
:  sbot> SYSOP LOGGED IN
Thu Oct 04 08:35:39 2012
:  sbot> SYSOP LOGGED IN
Thu Oct 04 08:35:50 2012
:  sbot> SYSOP LOGGED IN
Thu Oct 04 08:36:01 2012
:  sbot> SYSOP LOGGED IN
Thu Oct 04 08:36:11 2012
:  sbot> SYSOP LOGGED IN
Thu Oct 04 08:36:22 2012
:  sbot> SYSOP LOGGED IN
Thu Oct 04 08:36:33 2012
:  sbot> SYSOP LOGGED IN
Thu Oct 04 08:36:44 2012
:  sbot> SYSOP LOGGED IN
Thu Oct 04 08:36:55 2012
:  sbot> SYSOP LOGGED IN
Thu Oct 04 08:37:06 2012
:  sbot> SYSOP LOGGED IN
Thu Oct 04 08:37:17 2012
:  sbot> SYSOP LOGGED IN
Thu Oct 04 08:37:28 2012
:  sbot> SYSOP LOGGED IN
Thu Oct 04 08:37:39 2012
:  sbot> SYSOP LOGGED IN
Thu Oct 04 08:37:50 2012
:  sbot> SYSOP LOGGED IN
Thu Oct 04 08:38:01 2012
:  sbot> SYSOP LOGGED IN
Thu Oct 04 08:38:12 2012
:  sbot> SYSOP LOGGED IN
Thu Oct 04 08:38:23 2012
:  sbot> SYSOP LOGGED IN
Thu Oct 04 08:38:33 2012
:  sbot> SYSOP LOGGED IN
Thu Oct 04 08:38:44 2012
:  sbot> SYSOP LOGGED IN
Thu Oct 04 08:38:55 2012
:  sbot> SYSOP LOGGED IN
Thu Oct 04 08:39:06 2012
:  sbot> SYSOP LOGGED IN
Thu Oct 04 08:39:17 2012
:  sbot> SYSOP LOGGED IN
Thu Oct 04 08:39:28 2012
:  sbot> SYSOP LOGGED IN
Thu Oct 04 08:39:39 2012
:  sbot> SYSOP LOGGED IN
Thu Oct 04 08:39:50 2012
:  sbot> SYSOP LOGGED IN
Thu Oct 04 08:40:01 2012
:  sbot> SYSOP LOGGED IN
Thu Oct 04 08:40:12 2012
:  sbot> SYSOP LOGGED IN
Thu Oct 04 08:40:23 2012
:  sbot> SYSOP LOGGED IN
Thu Oct 04 08:40:34 2012
:  sbot> SYSOP LOGGED IN
Thu Oct 04 08:40:45 2012
:  sbot> SYSOP LOGGED IN
Thu Oct 04 08:40:56 2012
:  sbot> SYSOP LOGGED IN
Thu Oct 04 08:41:07 2012
:  sbot> SYSOP LOGGED IN
Thu Oct 04 08:41:18 2012
:  sbot> SYSOP LOGGED IN
Thu Oct 04 08:41:29 2012
:  sbot> SYSOP LOGGED IN
Thu Oct 04 08:41:40 2012
:  sbot> SYSOP LOGGED IN
Thu Oct 04 08:41:51 2012
:  sbot> SYSOP LOGGED IN
Thu Oct 04 08:42:02 2012
:  sbot> SYSOP LOGGED IN
Thu Oct 04 08:42:13 2012
:  sbot> SYSOP LOGGED IN
Thu Oct 04 08:42:24 2012
:  sbot> SYSOP LOGGED IN
Thu Oct 04 08:42:35 2012
:  sbot> SYSOP LOGGED IN
Thu Oct 04 08:42:46 2012
:  sbot> SYSOP LOGGED IN
Thu Oct 04 08:42:57 2012
:  sbot> SYSOP LOGGED IN
Thu Oct 04 08:43:08 2012
:  sbot> SYSOP LOGGED IN
Thu Oct 04 08:43:18 2012
:  sbot> SYSOP LOGGED IN
Thu Oct 04 08:43:29 2012
:  sbot> SYSOP LOGGED IN
Thu Oct 04 08:43:40 2012
:  sbot> SYSOP LOGGED IN
Thu Oct 04 08:43:51 2012
:  sbot> SYSOP LOGGED IN
Thu Oct 04 08:44:02 2012
:  sbot> SYSOP LOGGED IN
Thu Oct 04 08:44:13 2012
:  sbot> SYSOP LOGGED IN
Thu Oct 04 08:44:24 2012
:  sbot> SYSOP LOGGED IN
Thu Oct 04 08:44:35 2012
:  sbot> SYSOP LOGGED IN
Thu Oct 04 08:44:46 2012
:  sbot> SYSOP LOGGED IN
Thu Oct 04 08:44:57 2012
:  sbot> SYSOP LOGGED IN
Thu Oct 04 08:45:08 2012
:  sbot> SYSOP LOGGED IN
Thu Oct 04 08:45:19 2012
:  sbot> SYSOP LOGGED IN
Thu Oct 04 08:45:30 2012
:  sbot> SYSOP LOGGED IN
Thu Oct 04 08:45:40 2012
:  sbot> SYSOP LOGGED IN
Thu Oct 04 08:45:51 2012
:  sbot> SYSOP LOGGED IN
Thu Oct 04 08:46:02 2012
:  sbot> SYSOP LOGGED IN
Thu Oct 04 08:46:13 2012
:  sbot> SYSOP LOGGED IN
Thu Oct 04 08:46:24 2012
:  sbot> SYSOP LOGGED IN
Thu Oct 04 08:46:35 2012
:  sbot> SYSOP LOGGED IN
Thu Oct 04 08:46:46 2012
:  sbot> SYSOP LOGGED IN
Thu Oct 04 08:46:57 2012
:  sbot> SYSOP LOGGED IN
Thu Oct 04 08:47:08 2012
:  sbot> SYSOP LOGGED IN
Thu Oct 04 08:47:19 2012
:  sbot> SYSOP LOGGED IN
Thu Oct 04 08:47:30 2012
:  sbot> SYSOP LOGGED IN
Thu Oct 04 08:47:41 2012
:  sbot> SYSOP LOGGED IN
Thu Oct 04 08:47:52 2012
:  sbot> SYSOP LOGGED IN
Thu Oct 04 08:48:03 2012
:  sbot> SYSOP LOGGED IN
Thu Oct 04 08:48:14 2012
:  sbot> SYSOP LOGGED IN
Thu Oct 04 08:48:24 2012
:  sbot> SYSOP LOGGED IN
Thu Oct 04 08:48:35 2012
:  sbot> SYSOP LOGGED IN
Thu Oct 04 08:48:46 2012
:  sbot> SYSOP LOGGED IN
Thu Oct 04 08:48:57 2012
:  sbot> SYSOP LOGGED IN
Thu Oct 04 08:49:08 2012
:  sbot> SYSOP LOGGED IN
Thu Oct 04 08:49:19 2012
:  sbot> SYSOP LOGGED IN
Thu Oct 04 08:49:30 2012
:  sbot> SYSOP LOGGED IN
Thu Oct 04 08:49:41 2012
:  sbot> SYSOP LOGGED IN
Thu Oct 04 08:49:52 2012
:  sbot> SYSOP LOGGED IN
Thu Oct 04 08:50:03 2012
:  sbot> SYSOP LOGGED IN
Thu Oct 04 08:50:14 2012
:  sbot> SYSOP LOGGED IN
Thu Oct 04 08:50:25 2012
:  sbot> SYSOP LOGGED IN
Thu Oct 04 08:50:36 2012
:  sbot> SYSOP LOGGED IN
Thu Oct 04 08:50:47 2012
:  sbot> SYSOP LOGGED IN
Thu Oct 04 08:50:58 2012
:  sbot> SYSOP LOGGED IN
Thu Oct 04 08:51:09 2012
:  sbot> SYSOP LOGGED IN
Thu Oct 04 08:51:20 2012
:  sbot> SYSOP LOGGED IN
Thu Oct 04 08:51:31 2012
:  sbot> SYSOP LOGGED IN
Thu Oct 04 08:51:42 2012
:  sbot> SYSOP LOGGED IN
Thu Oct 04 08:51:53 2012
:  sbot> SYSOP LOGGED IN
Thu Oct 04 08:52:04 2012
:  sbot> SYSOP LOGGED IN
Thu Oct 04 08:52:15 2012
:  sbot> SYSOP LOGGED IN
Thu Oct 04 08:52:26 2012
:  sbot> SYSOP LOGGED IN
Thu Oct 04 08:52:37 2012
:  sbot> SYSOP LOGGED IN
Thu Oct 04 08:52:48 2012
:  sbot> SYSOP LOGGED IN
Thu Oct 04 08:52:59 2012
:  sbot> SYSOP LOGGED IN
Thu Oct 04 08:53:09 2012
:  sbot> SYSOP LOGGED IN
Thu Oct 04 08:53:20 2012
:  sbot> SYSOP LOGGED IN
Thu Oct 04 08:53:31 2012
:  sbot> SYSOP LOGGED IN
Thu Oct 04 08:53:42 2012
:  sbot> SYSOP LOGGED IN
Thu Oct 04 08:53:53 2012
:  sbot> SYSOP LOGGED IN
Thu Oct 04 08:54:04 2012
:  sbot> SYSOP LOGGED IN
Thu Oct 04 08:54:15 2012
:  sbot> SYSOP LOGGED IN
Thu Oct 04 08:54:26 2012
:  sbot> SYSOP LOGGED IN
Thu Oct 04 08:54:37 2012
:  sbot> SYSOP LOGGED IN
Thu Oct 04 08:54:48 2012
:  sbot> SYSOP LOGGED IN
Thu Oct 04 08:54:59 2012
:  sbot> SYSOP LOGGED IN
Thu Oct 04 08:55:10 2012
:  sbot> SYSOP LOGGED IN
Thu Oct 04 08:55:21 2012
:  sbot> SYSOP LOGGED IN
Thu Oct 04 08:55:32 2012
:  sbot> SYSOP LOGGED IN
Thu Oct 04 08:55:43 2012
:  sbot> SYSOP LOGGED IN
Thu Oct 04 08:55:53 2012
:  sbot> SYSOP LOGGED IN
Thu Oct 04 08:56:04 2012
:  sbot> SYSOP LOGGED IN
Thu Oct 04 08:56:15 2012
:  sbot> SYSOP LOGGED IN
Thu Oct 04 08:56:26 2012
:  sbot> SYSOP LOGGED IN
Thu Oct 04 08:56:37 2012
:  sbot> SYSOP LOGGED IN
Thu Oct 04 08:56:48 2012
:  sbot> SYSOP LOGGED IN
Thu Oct 04 08:56:59 2012
:  sbot> SYSOP LOGGED IN
Thu Oct 04 08:57:10 2012
:  sbot> SYSOP LOGGED IN
Thu Oct 04 08:57:21 2012
:  sbot> SYSOP LOGGED IN
Thu Oct 04 08:57:32 2012
:  sbot> SYSOP LOGGED IN
Thu Oct 04 08:57:43 2012
:  sbot> SYSOP LOGGED IN
Thu Oct 04 08:57:54 2012
:  sbot> SYSOP LOGGED IN
Thu Oct 04 08:58:05 2012
:  sbot> SYSOP LOGGED IN
Thu Oct 04 08:58:16 2012
:  sbot> SYSOP LOGGED IN
Thu Oct 04 08:58:27 2012
:  sbot> SYSOP LOGGED IN
Thu Oct 04 08:58:38 2012
:  sbot> SYSOP LOGGED IN
Thu Oct 04 08:58:49 2012
:  sbot> SYSOP LOGGED IN
Thu Oct 04 08:59:00 2012
:  sbot> SYSOP LOGGED IN
Thu Oct 04 08:59:10 2012
:  sbot> SYSOP LOGGED IN
Thu Oct 04 08:59:21 2012
:  sbot> SYSOP LOGGED IN
Thu Oct 04 08:59:32 2012
:  sbot> SYSOP LOGGED IN
Thu Oct 04 08:59:43 2012
:  sbot> SYSOP LOGGED IN
Thu Oct 04 08:59:54 2012
:  sbot> SYSOP LOGGED IN
Thu Oct 04 09:00:05 2012
:  sbot> SYSOP LOGGED IN
Thu Oct 04 09:00:16 2012
:  sbot> SYSOP LOGGED IN
Thu Oct 04 09:00:27 2012
:  sbot> SYSOP LOGGED IN
Thu Oct 04 09:00:38 2012
:  sbot> SYSOP LOGGED IN
Thu Oct 04 09:00:49 2012
:  sbot> SYSOP LOGGED IN
Thu Oct 04 09:01:00 2012
:  sbot> SYSOP LOGGED IN
Thu Oct 04 09:01:11 2012
:  sbot> SYSOP LOGGED IN
Thu Oct 04 09:01:22 2012
:  sbot> SYSOP LOGGED IN
Thu Oct 04 09:01:33 2012
:  sbot> SYSOP LOGGED IN
Thu Oct 04 09:01:44 2012
:  sbot> SYSOP LOGGED IN
Thu Oct 04 09:01:55 2012
:  sbot> SYSOP LOGGED IN
Thu Oct 04 09:02:06 2012
:  sbot> SYSOP LOGGED IN
Thu Oct 04 09:02:17 2012
:  sbot> SYSOP LOGGED IN
Thu Oct 04 09:02:28 2012
:  sbot> SYSOP LOGGED IN
Thu Oct 04 09:02:39 2012
:  sbot> SYSOP LOGGED IN
Thu Oct 04 09:02:49 2012
:  sbot> SYSOP LOGGED IN
Thu Oct 04 09:03:03 2012
:  Slow iteration warning: 2220 ms
Thu Oct 04 09:03:03 2012
:  sbot> SYSOP LOGGED IN
Thu Oct 04 09:03:10 2012
:  Slow iteration warning: 2120 ms
Thu Oct 04 09:03:12 2012
:  sbot> SYSOP LOGGED IN
Thu Oct 04 09:03:18 2012
:  Slow iteration warning: 2260 ms
Thu Oct 04 09:03:22 2012
:  sbot> SYSOP LOGGED IN
Thu Oct 04 09:03:26 2012
:  Slow iteration warning: 2200 ms
Thu Oct 04 09:03:33 2012
:  Slow iteration warning: 2120 ms
Thu Oct 04 09:03:33 2012
:  sbot> SYSOP LOGGED IN
Thu Oct 04 09:03:41 2012
:  Slow iteration warning: 2070 ms
Thu Oct 04 09:03:44 2012
:  sbot> SYSOP LOGGED IN
Thu Oct 04 09:03:48 2012
:  Slow iteration warning: 2100 ms
Thu Oct 04 09:03:56 2012
:  Slow iteration warning: 2190 ms
Thu Oct 04 09:03:56 2012
:  sbot> SYSOP LOGGED IN
Thu Oct 04 09:04:03 2012
:  Slow iteration warning: 2200 ms
Thu Oct 04 09:04:06 2012
:  sbot> SYSOP LOGGED IN
Thu Oct 04 09:04:11 2012
:  Slow iteration warning: 2090 ms
Thu Oct 04 09:04:18 2012
:  Slow iteration warning: 2100 ms
Thu Oct 04 09:04:18 2012
:  sbot> SYSOP LOGGED IN
Thu Oct 04 09:04:28 2